d:\file_exchange_projects\saodv\secure_aodv_project_v11.1\bin\bin_x86\aodv.lib
d:\file_exchange_projects\saodv\secure_aodv_project_v11.1\bin\bin_x86\aodv.exp
d:\file_exchange_projects\saodv\secure_aodv_project_v11.1\src\simulation\aodv\debug\vc141.pdb
d:\file_exchange_projects\saodv\secure_aodv_project_v11.1\src\simulation\aodv\debug\vc141.idb
d:\file_exchange_projects\saodv\secure_aodv_project_v11.1\src\simulation\aodv\debug\secure_aodv.obj
d:\file_exchange_projects\saodv\secure_aodv_project_v11.1\src\simulation\aodv\debug\rsa.obj
d:\file_exchange_projects\saodv\secure_aodv_project_v11.1\src\simulation\aodv\debug\rreq.obj
d:\file_exchange_projects\saodv\secure_aodv_project_v11.1\src\simulation\aodv\debug\rrep.obj
d:\file_exchange_projects\saodv\secure_aodv_project_v11.1\src\simulation\aodv\debug\routetable.obj
d:\file_exchange_projects\saodv\secure_aodv_project_v11.1\src\simulation\aodv\debug\routemaint.obj
d:\file_exchange_projects\saodv\secure_aodv_project_v11.1\src\simulation\aodv\debug\malicious.obj
d:\file_exchange_projects\saodv\secure_aodv_project_v11.1\src\simulation\aodv\debug\hellomessage.obj
d:\file_exchange_projects\saodv\secure_aodv_project_v11.1\src\simulation\aodv\debug\generalpacketprocessing.obj
d:\file_exchange_projects\saodv\secure_aodv_project_v11.1\src\simulation\aodv\debug\fifobuffer.obj
d:\file_exchange_projects\saodv\secure_aodv_project_v11.1\src\simulation\aodv\debug\aodv_routeerror.obj
d:\file_exchange_projects\saodv\secure_aodv_project_v11.1\src\simulation\aodv\debug\aodv_checkroutefound.obj
d:\file_exchange_projects\saodv\secure_aodv_project_v11.1\src\simulation\aodv\debug\aodv.obj
d:\file_exchange_projects\saodv\secure_aodv_project_v11.1\bin\bin_x86\libaodv.dll
d:\file_exchange_projects\saodv\secure_aodv_project_v11.1\bin\bin_x86\aodv.pdb
c:\users\netsim\desktop\secure_aodv_project_v11.1\secure_aodv_project_v11.1\secure_aodv_workspace\src\simulation\aodv\debug\aodv.obj
c:\users\netsim\desktop\secure_aodv_project_v11.1\secure_aodv_project_v11.1\secure_aodv_workspace\src\simulation\aodv\debug\aodv_checkroutefound.obj
c:\users\netsim\desktop\secure_aodv_project_v11.1\secure_aodv_project_v11.1\secure_aodv_workspace\src\simulation\aodv\debug\aodv_routeerror.obj
c:\users\netsim\desktop\secure_aodv_project_v11.1\secure_aodv_project_v11.1\secure_aodv_workspace\src\simulation\aodv\debug\fifobuffer.obj
c:\users\netsim\desktop\secure_aodv_project_v11.1\secure_aodv_project_v11.1\secure_aodv_workspace\src\simulation\aodv\debug\generalpacketprocessing.obj
c:\users\netsim\desktop\secure_aodv_project_v11.1\secure_aodv_project_v11.1\secure_aodv_workspace\src\simulation\aodv\debug\hellomessage.obj
c:\users\netsim\desktop\secure_aodv_project_v11.1\secure_aodv_project_v11.1\secure_aodv_workspace\src\simulation\aodv\debug\malicious.obj
c:\users\netsim\desktop\secure_aodv_project_v11.1\secure_aodv_project_v11.1\secure_aodv_workspace\src\simulation\aodv\debug\routemaint.obj
c:\users\netsim\desktop\secure_aodv_project_v11.1\secure_aodv_project_v11.1\secure_aodv_workspace\src\simulation\aodv\debug\routetable.obj
c:\users\netsim\desktop\secure_aodv_project_v11.1\secure_aodv_project_v11.1\secure_aodv_workspace\src\simulation\aodv\debug\rrep.obj
c:\users\netsim\desktop\secure_aodv_project_v11.1\secure_aodv_project_v11.1\secure_aodv_workspace\src\simulation\aodv\debug\rreq.obj
c:\users\netsim\desktop\secure_aodv_project_v11.1\secure_aodv_project_v11.1\secure_aodv_workspace\src\simulation\aodv\debug\rsa.obj
c:\users\netsim\desktop\secure_aodv_project_v11.1\secure_aodv_project_v11.1\secure_aodv_workspace\src\simulation\aodv\debug\secure_aodv.obj
c:\users\netsim\desktop\secure_aodv_project_v11.1\secure_aodv_project_v11.1\secure_aodv_workspace\src\simulation\aodv\debug\vc141.idb
c:\users\netsim\desktop\secure_aodv_project_v11.1\secure_aodv_project_v11.1\secure_aodv_workspace\src\simulation\aodv\debug\vc141.pdb
c:\users\netsim\desktop\secure_aodv_project_v11.1\secure_aodv_project_v11.1\secure_aodv_workspace\src\simulation\aodv\debug\aodv.tlog\aodv.write.1u.tlog
c:\users\netsim\desktop\secure_aodv_project_v11.1\secure_aodv_project_v11.1\secure_aodv_workspace\src\simulation\aodv\debug\aodv.tlog\cl.command.1.tlog
c:\users\netsim\desktop\secure_aodv_project_v11.1\secure_aodv_project_v11.1\secure_aodv_workspace\src\simulation\aodv\debug\aodv.tlog\cl.read.1.tlog
c:\users\netsim\desktop\secure_aodv_project_v11.1\secure_aodv_project_v11.1\secure_aodv_workspace\src\simulation\aodv\debug\aodv.tlog\cl.write.1.tlog
c:\users\netsim\desktop\secure_aodv_project_v11.1\secure_aodv_project_v11.1\secure_aodv_workspace\src\simulation\aodv\debug\aodv.tlog\link.command.1.tlog
c:\users\netsim\desktop\secure_aodv_project_v11.1\secure_aodv_project_v11.1\secure_aodv_workspace\src\simulation\aodv\debug\aodv.tlog\link.read.1.tlog
c:\users\netsim\desktop\secure_aodv_project_v11.1\secure_aodv_project_v11.1\secure_aodv_workspace\src\simulation\aodv\debug\aodv.tlog\link.write.1.tlog
