C:\Program Files (x86)\Microsoft Visual Studio\2017\Community\Common7\IDE\VC\VCTargets\Microsoft.CppBuild.targets(377,5): warning MSB8004: Output Directory does not end with a trailing slash.  This build instance will add the slash as it is required to allow proper evaluation of the Output Directory.
  AODV.c
d:\file_exchange_projects\saodv\secure_aodv_project_v11.1\src\simulation\aodv\aodv.c(129): warning C4013: 'fn_NetSim_AODV_MaliciousRouteAddToTable' undefined; assuming extern returning int
d:\file_exchange_projects\saodv\secure_aodv_project_v11.1\src\simulation\aodv\aodv.c(152): warning C4013: 'fn_NetSim_AODV_MaliciousProcessSourceRouteOption' undefined; assuming extern returning int
d:\file_exchange_projects\saodv\secure_aodv_project_v11.1\src\simulation\aodv\aodv.c(234): warning C4090: 'function': different 'const' qualifiers
  AODV_CheckRouteFound.c
  AODV_RouteError.c
  FIFOBuffer.c
  GeneralPacketProcessing.c
  HelloMessage.c
  Malicious.c
  RouteMaint.c
  RouteTable.c
  RREP.c
  RREQ.c
  RSA.c
  Secure_AODV.c
d:\file_exchange_projects\saodv\secure_aodv_project_v11.1\src\simulation\aodv\secure_aodv.c(254): warning C4477: 'sprintf' : format string '%c' requires an argument of type 'int', but variadic argument 1 has type 'char *'
d:\file_exchange_projects\saodv\secure_aodv_project_v11.1\src\simulation\aodv\secure_aodv.c(254): warning C4313: 'sprintf': '%c' in format string conflicts with argument 1 of type 'char *'
d:\file_exchange_projects\saodv\secure_aodv_project_v11.1\src\simulation\aodv\secure_aodv.c(267): warning C4477: 'sprintf' : format string '%s' requires an argument of type 'char *', but variadic argument 3 has type 'NETSIM_IPAddress *'
d:\file_exchange_projects\saodv\secure_aodv_project_v11.1\src\simulation\aodv\secure_aodv.c(267): warning C4477: 'sprintf' : format string '%d' requires an argument of type 'int', but variadic argument 4 has type 'unsigned int *'
d:\file_exchange_projects\saodv\secure_aodv_project_v11.1\src\simulation\aodv\secure_aodv.c(267): warning C4313: 'sprintf': '%d' in format string conflicts with argument 4 of type 'unsigned int *'
d:\file_exchange_projects\saodv\secure_aodv_project_v11.1\src\simulation\aodv\secure_aodv.c(299): warning C4267: 'function': conversion from 'size_t' to 'int', possible loss of data
d:\file_exchange_projects\saodv\secure_aodv_project_v11.1\src\simulation\aodv\secure_aodv.c(311): warning C4267: 'function': conversion from 'size_t' to 'int', possible loss of data
  Generating Code...
C:\Program Files (x86)\Microsoft Visual Studio\2017\Community\Common7\IDE\VC\VCTargets\Microsoft.CppBuild.targets(1205,5): warning MSB8012: TargetPath(D:\File_Exchange_Projects\SAODV\Secure_AODV_Project_V11.1\src\Simulation\AODV\..\..\..\bin\bin_x64\AODV.dll) does not match the Linker's OutputFile property value (D:\File_Exchange_Projects\SAODV\Secure_AODV_Project_V11.1\bin\bin_x64\libAODV.dll). This may cause your project to build incorrectly. To correct this, please make sure that $(OutDir), $(TargetName) and $(TargetExt) property values match the value specified in %(Link.OutputFile).
C:\Program Files (x86)\Microsoft Visual Studio\2017\Community\Common7\IDE\VC\VCTargets\Microsoft.CppBuild.targets(1207,5): warning MSB8012: TargetName(AODV) does not match the Linker's OutputFile property value (libAODV). This may cause your project to build incorrectly. To correct this, please make sure that $(OutDir), $(TargetName) and $(TargetExt) property values match the value specified in %(Link.OutputFile).
AODV.obj : warning LNK4075: ignoring '/EDITANDCONTINUE' due to '/INCREMENTAL:NO' specification
  AODV.lib(AODVlib.obj) : MSIL .netmodule or module compiled with /GL found; restarting link with /LTCG; add /LTCG to the link command line to improve linker performance
AODV.obj : warning LNK4075: ignoring '/EDITANDCONTINUE' due to '/INCREMENTAL:NO' specification
     Creating library ..\..\..\bin\bin_x64\AODV.lib and object ..\..\..\bin\bin_x64\AODV.exp
LINK : warning LNK4098: defaultlib 'MSVCRT' conflicts with use of other libs; use /NODEFAULTLIB:library
  Generating code
  Finished generating code
AODV.lib(AODVlib.obj) : warning LNK4099: PDB 'AODVLib.pdb' was not found with 'AODV.lib(AODVlib.obj)' or at 'D:\File_Exchange_Projects\SAODV\Secure_AODV_Project_V11.1\bin\bin_x64\AODVLib.pdb'; linking object as if no debug info
List.lib(List.obj) : warning LNK4099: PDB 'List.pdb' was not found with 'List.lib(List.obj)' or at 'D:\File_Exchange_Projects\SAODV\Secure_AODV_Project_V11.1\bin\bin_x64\List.pdb'; linking object as if no debug info
  AODV.vcxproj -> D:\File_Exchange_Projects\SAODV\Secure_AODV_Project_V11.1\src\Simulation\AODV\..\..\..\bin\bin_x64\AODV.dll
