c:\users\tetcos\desktop\saodv\secure_aodv\bin\bin_x64\aodv.lib
c:\users\tetcos\desktop\saodv\secure_aodv\bin\bin_x64\aodv.exp
c:\users\tetcos\desktop\saodv\secure_aodv\src\simulation\aodv\x64\debug\vc141.pdb
c:\users\tetcos\desktop\saodv\secure_aodv\src\simulation\aodv\x64\debug\vc141.idb
c:\users\tetcos\desktop\saodv\secure_aodv\src\simulation\aodv\x64\debug\secure_aodv.obj
c:\users\tetcos\desktop\saodv\secure_aodv\src\simulation\aodv\x64\debug\rsa.obj
c:\users\tetcos\desktop\saodv\secure_aodv\src\simulation\aodv\x64\debug\rreq.obj
c:\users\tetcos\desktop\saodv\secure_aodv\src\simulation\aodv\x64\debug\rrep.obj
c:\users\tetcos\desktop\saodv\secure_aodv\src\simulation\aodv\x64\debug\routetable.obj
c:\users\tetcos\desktop\saodv\secure_aodv\src\simulation\aodv\x64\debug\routemaint.obj
c:\users\tetcos\desktop\saodv\secure_aodv\src\simulation\aodv\x64\debug\malicious.obj
c:\users\tetcos\desktop\saodv\secure_aodv\src\simulation\aodv\x64\debug\hellomessage.obj
c:\users\tetcos\desktop\saodv\secure_aodv\src\simulation\aodv\x64\debug\generalpacketprocessing.obj
c:\users\tetcos\desktop\saodv\secure_aodv\src\simulation\aodv\x64\debug\fifobuffer.obj
c:\users\tetcos\desktop\saodv\secure_aodv\src\simulation\aodv\x64\debug\aodv_routeerror.obj
c:\users\tetcos\desktop\saodv\secure_aodv\src\simulation\aodv\x64\debug\aodv_checkroutefound.obj
c:\users\tetcos\desktop\saodv\secure_aodv\src\simulation\aodv\x64\debug\aodv.obj
c:\users\tetcos\desktop\saodv\secure_aodv\bin\bin_x64\libaodv.dll
c:\users\tetcos\desktop\saodv\secure_aodv\bin\bin_x64\aodv.pdb
d:\file_exchange_projects\saodv\secure_aodv_project_v11.1\src\simulation\aodv\x64\debug\aodv.obj
d:\file_exchange_projects\saodv\secure_aodv_project_v11.1\src\simulation\aodv\x64\debug\aodv_checkroutefound.obj
d:\file_exchange_projects\saodv\secure_aodv_project_v11.1\src\simulation\aodv\x64\debug\aodv_routeerror.obj
d:\file_exchange_projects\saodv\secure_aodv_project_v11.1\src\simulation\aodv\x64\debug\fifobuffer.obj
d:\file_exchange_projects\saodv\secure_aodv_project_v11.1\src\simulation\aodv\x64\debug\generalpacketprocessing.obj
d:\file_exchange_projects\saodv\secure_aodv_project_v11.1\src\simulation\aodv\x64\debug\hellomessage.obj
d:\file_exchange_projects\saodv\secure_aodv_project_v11.1\src\simulation\aodv\x64\debug\malicious.obj
d:\file_exchange_projects\saodv\secure_aodv_project_v11.1\src\simulation\aodv\x64\debug\routemaint.obj
d:\file_exchange_projects\saodv\secure_aodv_project_v11.1\src\simulation\aodv\x64\debug\routetable.obj
d:\file_exchange_projects\saodv\secure_aodv_project_v11.1\src\simulation\aodv\x64\debug\rrep.obj
d:\file_exchange_projects\saodv\secure_aodv_project_v11.1\src\simulation\aodv\x64\debug\rreq.obj
d:\file_exchange_projects\saodv\secure_aodv_project_v11.1\src\simulation\aodv\x64\debug\rsa.obj
d:\file_exchange_projects\saodv\secure_aodv_project_v11.1\src\simulation\aodv\x64\debug\secure_aodv.obj
d:\file_exchange_projects\saodv\secure_aodv_project_v11.1\src\simulation\aodv\x64\debug\vc141.idb
d:\file_exchange_projects\saodv\secure_aodv_project_v11.1\src\simulation\aodv\x64\debug\vc141.pdb
d:\file_exchange_projects\saodv\secure_aodv_project_v11.1\src\simulation\aodv\x64\debug\aodv.tlog\aodv.write.1u.tlog
d:\file_exchange_projects\saodv\secure_aodv_project_v11.1\src\simulation\aodv\x64\debug\aodv.tlog\cl.command.1.tlog
d:\file_exchange_projects\saodv\secure_aodv_project_v11.1\src\simulation\aodv\x64\debug\aodv.tlog\cl.read.1.tlog
d:\file_exchange_projects\saodv\secure_aodv_project_v11.1\src\simulation\aodv\x64\debug\aodv.tlog\cl.write.1.tlog
d:\file_exchange_projects\saodv\secure_aodv_project_v11.1\src\simulation\aodv\x64\debug\aodv.tlog\link.command.1.tlog
d:\file_exchange_projects\saodv\secure_aodv_project_v11.1\src\simulation\aodv\x64\debug\aodv.tlog\link.read.1.tlog
d:\file_exchange_projects\saodv\secure_aodv_project_v11.1\src\simulation\aodv\x64\debug\aodv.tlog\link.write.1.tlog
